Command line:
   shift_reg_8b_isim_beh.exe
     -simmode  gui
     -simrunnum  0
     -socket  36621

Tue May  7 01:19:29 2019


 Elaboration Time: 0.05 sec

 Current Memory Usage: 197.022 Meg

 Total Signals          : 19
 Total Nets             : 35
 Total Signal Drivers   : 6
 Total Blocks           : 2
 Total Primitive Blocks : 2
 Total Processes        : 8
 Total Traceable Variables  : 19
 Total Scalar Nets and Variables : 123
Total Line Count : 22

 Total Simulation Time: 0.06 sec

 Current Memory Usage: 272.523 Meg

Tue May  7 01:19:33 2019

