Command line:
   MSFlipFlop_isim_beh.exe
     -simmode  gui
     -simrunnum  0
     -socket  57115

Wed May  1 13:32:39 2019


 Elaboration Time: 0.08 sec

 Current Memory Usage: 197.022 Meg

 Total Signals          : 43
 Total Nets             : 25
 Total Signal Drivers   : 14
 Total Blocks           : 6
 Total Primitive Blocks : 3
 Total Processes        : 15
 Total Traceable Variables  : 18
 Total Scalar Nets and Variables : 105
Total Line Count : 23

 Total Simulation Time: 0.1 sec

 Current Memory Usage: 272.523 Meg

Wed May  1 13:32:43 2019

