2020.10.24 21:18:44 INFO  started: Metals version 0.9.4 in workspace '/Users/peacesong/Workspace/College_Materials/2020-2/Principles_of_Programming' for client vscode.
2020.10.24 21:18:45 INFO  time: initialize in 1.03s
2020.10.24 21:18:46 WARN  no build tool detected in workspace '/Users/peacesong/Workspace/College_Materials/2020-2/Principles_of_Programming'. The most common cause for this problem is that the editor was opened in the wrong working directory, for example if you use sbt then the workspace directory should contain build.sbt. 
2020.10.24 21:18:48 INFO  no build target: using presentation compiler with only scala-library
2020.10.24 21:18:48 WARN  no build target for: /Users/peacesong/Workspace/College_Materials/2020-2/Principles_of_Programming/practice/ClosureTest.scala
2020.10.24 21:31:56 INFO  shutting down Metals
2020.10.24 21:32:49 INFO  started: Metals version 0.9.4 in workspace '/Users/peacesong/Workspace/College_Materials/2020-2/Principles_of_Programming' for client vscode.
2020.10.24 21:32:50 INFO  time: initialize in 1s
2020.10.24 21:32:51 WARN  no build tool detected in workspace '/Users/peacesong/Workspace/College_Materials/2020-2/Principles_of_Programming'. The most common cause for this problem is that the editor was opened in the wrong working directory, for example if you use sbt then the workspace directory should contain build.sbt. 
2020.10.24 21:32:53 INFO  no build target: using presentation compiler with only scala-library
2020.10.24 21:32:53 WARN  no build target for: /Users/peacesong/Workspace/College_Materials/2020-2/Principles_of_Programming/practice/Test.scala
2020.10.24 21:32:53 WARN  no build target for: /Users/peacesong/Workspace/College_Materials/2020-2/Principles_of_Programming/practice/BlockTest.scala
10월 24, 2020 9:32:53 오후 org.eclipse.lsp4j.jsonrpc.RemoteEndpoint handleCancellation
경고: Unmatched cancel notification for request id 2
10월 24, 2020 9:32:53 오후 org.eclipse.lsp4j.jsonrpc.RemoteEndpoint handleCancellation
경고: Unmatched cancel notification for request id 4
10월 24, 2020 9:32:53 오후 org.eclipse.lsp4j.jsonrpc.RemoteEndpoint handleCancellation
경고: Unmatched cancel notification for request id 5
10월 24, 2020 9:32:53 오후 org.eclipse.lsp4j.jsonrpc.RemoteEndpoint handleCancellation
경고: Unmatched cancel notification for request id 8
10월 24, 2020 9:32:53 오후 org.eclipse.lsp4j.jsonrpc.RemoteEndpoint handleCancellation
경고: Unmatched cancel notification for request id 1
10월 24, 2020 9:32:53 오후 org.eclipse.lsp4j.jsonrpc.RemoteEndpoint handleCancellation
경고: Unmatched cancel notification for request id 11
10월 24, 2020 9:32:53 오후 org.eclipse.lsp4j.jsonrpc.RemoteEndpoint handleCancellation
경고: Unmatched cancel notification for request id 10
2020.10.24 21:32:53 WARN  no build target for: /Users/peacesong/Workspace/College_Materials/2020-2/Principles_of_Programming/practice/TailRecursion.scala
2020.10.24 21:33:19 WARN  no build target for: /Users/peacesong/Workspace/College_Materials/2020-2/Principles_of_Programming/practice/Test.scala
2020.10.24 21:33:55 WARN  no build target for: /Users/peacesong/Workspace/College_Materials/2020-2/Principles_of_Programming/practice/Test.scala
2020.10.24 21:34:38 WARN  no build target for: /Users/peacesong/Workspace/College_Materials/2020-2/Principles_of_Programming/practice/Test.scala
2020.10.24 21:41:26 WARN  no build target for: /Users/peacesong/Workspace/College_Materials/2020-2/Principles_of_Programming/practice/Test.scala
2020.10.24 21:42:17 WARN  no build target for: /Users/peacesong/Workspace/College_Materials/2020-2/Principles_of_Programming/practice/Test.scala
2020.10.24 21:45:47 WARN  no build target for: /Users/peacesong/Workspace/College_Materials/2020-2/Principles_of_Programming/practice/SafetyCheck.scala
2020.10.24 21:45:47 WARN  no build target for: /Users/peacesong/Workspace/College_Materials/2020-2/Principles_of_Programming/practice/StructuralType.scala
2020.10.24 21:45:49 WARN  no build target for: /Users/peacesong/Workspace/College_Materials/2020-2/Principles_of_Programming/practice/HelloWorld.scala
2020.10.24 21:46:29 WARN  no build target for: /Users/peacesong/Workspace/College_Materials/2020-2/Principles_of_Programming/practice/Test.scala
2020.10.24 21:46:48 WARN  no build target for: /Users/peacesong/Workspace/College_Materials/2020-2/Principles_of_Programming/practice/Test.scala
2020.10.24 21:47:05 WARN  no build tool detected in workspace '/Users/peacesong/Workspace/College_Materials/2020-2/Principles_of_Programming'. The most common cause for this problem is that the editor was opened in the wrong working directory, for example if you use sbt then the workspace directory should contain build.sbt. 
2020.10.24 21:47:05 WARN  no build target for: /Users/peacesong/Workspace/College_Materials/2020-2/Principles_of_Programming/practice/Test.scala
2020.10.24 21:50:21 WARN  no build target for: /Users/peacesong/Workspace/College_Materials/2020-2/Principles_of_Programming/practice/Test.scala
2020.10.24 21:50:24 WARN  no build target for: /Users/peacesong/Workspace/College_Materials/2020-2/Principles_of_Programming/practice/Test.scala
2020.10.24 21:50:29 WARN  no build target for: /Users/peacesong/Workspace/College_Materials/2020-2/Principles_of_Programming/practice/Test.scala
2020.10.24 21:50:31 WARN  no build target for: /Users/peacesong/Workspace/College_Materials/2020-2/Principles_of_Programming/practice/Test.scala
2020.10.24 21:50:40 WARN  no build tool detected in workspace '/Users/peacesong/Workspace/College_Materials/2020-2/Principles_of_Programming'. The most common cause for this problem is that the editor was opened in the wrong working directory, for example if you use sbt then the workspace directory should contain build.sbt. 
2020.10.24 21:50:40 WARN  no build target for: /Users/peacesong/Workspace/College_Materials/2020-2/Principles_of_Programming/practice/Test.scala
2020.10.24 22:16:21 WARN  no build target for: /Users/peacesong/Workspace/College_Materials/2020-2/Principles_of_Programming/practice/BlockTest.scala
2020.10.24 22:16:23 WARN  no build target for: /Users/peacesong/Workspace/College_Materials/2020-2/Principles_of_Programming/practice/SafetyCheck.scala
2020.10.24 22:16:23 WARN  no build target for: /Users/peacesong/Workspace/College_Materials/2020-2/Principles_of_Programming/practice/StructuralType.scala
2020.10.24 22:16:24 WARN  no build target for: /Users/peacesong/Workspace/College_Materials/2020-2/Principles_of_Programming/practice/TailRecursion.scala
2020.10.24 22:16:25 WARN  no build target for: /Users/peacesong/Workspace/College_Materials/2020-2/Principles_of_Programming/practice/BlockTest.scala
2020.10.24 22:21:41 WARN  no build target for: /Users/peacesong/Workspace/College_Materials/2020-2/Principles_of_Programming/practice/TailRecursion.scala
2020.10.24 22:21:59 WARN  no build target for: /Users/peacesong/Workspace/College_Materials/2020-2/Principles_of_Programming/practice/TailRecursion.scala
2020.10.24 22:22:33 WARN  no build target for: /Users/peacesong/Workspace/College_Materials/2020-2/Principles_of_Programming/practice/TailRecursion.scala
2020.10.24 22:22:34 WARN  no build target for: /Users/peacesong/Workspace/College_Materials/2020-2/Principles_of_Programming/practice/TailRecursion.scala
2020.10.24 22:24:52 WARN  no build target for: /Users/peacesong/Workspace/College_Materials/2020-2/Principles_of_Programming/practice/Test.scala
2020.10.24 22:25:12 WARN  no build target for: /Users/peacesong/Workspace/College_Materials/2020-2/Principles_of_Programming/practice/Test.scala
2020.10.24 22:27:54 WARN  no build target for: /Users/peacesong/Workspace/College_Materials/2020-2/Principles_of_Programming/practice/Test.scala
2020.10.24 22:28:36 WARN  no build target for: /Users/peacesong/Workspace/College_Materials/2020-2/Principles_of_Programming/practice/Test.scala
2020.10.24 22:28:40 WARN  no build target for: /Users/peacesong/Workspace/College_Materials/2020-2/Principles_of_Programming/practice/Test.scala
2020.10.24 22:32:31 WARN  no build target for: /Users/peacesong/Workspace/College_Materials/2020-2/Principles_of_Programming/practice/TailCall.scala
2020.10.24 22:32:38 WARN  no build tool detected in workspace '/Users/peacesong/Workspace/College_Materials/2020-2/Principles_of_Programming'. The most common cause for this problem is that the editor was opened in the wrong working directory, for example if you use sbt then the workspace directory should contain build.sbt. 
2020.10.24 22:32:38 WARN  no build tool detected in workspace '/Users/peacesong/Workspace/College_Materials/2020-2/Principles_of_Programming'. The most common cause for this problem is that the editor was opened in the wrong working directory, for example if you use sbt then the workspace directory should contain build.sbt. 
2020.10.24 22:32:45 WARN  no build target for: /Users/peacesong/Workspace/College_Materials/2020-2/Principles_of_Programming/practice/TailCall.scala
2020.10.24 22:36:07 WARN  no build target for: /Users/peacesong/Workspace/College_Materials/2020-2/Principles_of_Programming/practice/AnonymFuncTest.scala
something's wrong: no file:///Users/peacesong/Workspace/College_Materials/2020-2/Principles_of_Programming/practice/AnonymFuncTest.scala in Array[<error>]RangePosition(file:///Users/peacesong/Workspace/College_Materials/2020-2/Principles_of_Programming/practice/AnonymFuncTest.scala, 43, 43, 58)
something's wrong: no file:///Users/peacesong/Workspace/College_Materials/2020-2/Principles_of_Programming/practice/AnonymFuncTest.scala in Array[<error>]RangePosition(file:///Users/peacesong/Workspace/College_Materials/2020-2/Principles_of_Programming/practice/AnonymFuncTest.scala, 43, 43, 51)
something's wrong: no file:///Users/peacesong/Workspace/College_Materials/2020-2/Principles_of_Programming/practice/AnonymFuncTest.scala in Array[<error>]RangePosition(file:///Users/peacesong/Workspace/College_Materials/2020-2/Principles_of_Programming/practice/AnonymFuncTest.scala, 43, 43, 52)
something's wrong: no file:///Users/peacesong/Workspace/College_Materials/2020-2/Principles_of_Programming/practice/AnonymFuncTest.scala in Array[String]RangePosition(file:///Users/peacesong/Workspace/College_Materials/2020-2/Principles_of_Programming/practice/AnonymFuncTest.scala, 43, 43, 56)
something's wrong: no file:///Users/peacesong/Workspace/College_Materials/2020-2/Principles_of_Programming/practice/AnonymFuncTest.scala in Array[String]RangePosition(file:///Users/peacesong/Workspace/College_Materials/2020-2/Principles_of_Programming/practice/AnonymFuncTest.scala, 43, 43, 56)
something's wrong: no file:///Users/peacesong/Workspace/College_Materials/2020-2/Principles_of_Programming/practice/AnonymFuncTest.scala in Array[String]RangePosition(file:///Users/peacesong/Workspace/College_Materials/2020-2/Principles_of_Programming/practice/AnonymFuncTest.scala, 43, 43, 56)
10월 24, 2020 10:39:20 오후 scala.meta.internal.pc.CompletionProvider expected$1
경고: offset 76, count -1, length 86
2020.10.24 22:40:22 WARN  no build target for: /Users/peacesong/Workspace/College_Materials/2020-2/Principles_of_Programming/practice/AnonymFuncTest.scala
2020.10.24 22:41:04 WARN  no build tool detected in workspace '/Users/peacesong/Workspace/College_Materials/2020-2/Principles_of_Programming'. The most common cause for this problem is that the editor was opened in the wrong working directory, for example if you use sbt then the workspace directory should contain build.sbt. 
2020.10.24 22:41:04 WARN  no build target for: /Users/peacesong/Workspace/College_Materials/2020-2/Principles_of_Programming/practice/AnonymFuncTest.scala
2020.10.24 22:41:55 WARN  no build target for: /Users/peacesong/Workspace/College_Materials/2020-2/Principles_of_Programming/practice/AnonymFuncTest.scala
2020.10.24 22:41:55 WARN  no build tool detected in workspace '/Users/peacesong/Workspace/College_Materials/2020-2/Principles_of_Programming'. The most common cause for this problem is that the editor was opened in the wrong working directory, for example if you use sbt then the workspace directory should contain build.sbt. 
something's wrong: no file:///Users/peacesong/Workspace/College_Materials/2020-2/Principles_of_Programming/practice/AnonymFuncTest.scala in (Int, <error>)RangePosition(file:///Users/peacesong/Workspace/College_Materials/2020-2/Principles_of_Programming/practice/AnonymFuncTest.scala, 426, 426, 441)
2020.10.24 22:48:31 WARN  no build target for: /Users/peacesong/Workspace/College_Materials/2020-2/Principles_of_Programming/practice/AnonymFuncTest.scala
2020.10.24 22:50:12 WARN  no build target for: /Users/peacesong/Workspace/College_Materials/2020-2/Principles_of_Programming/practice/AnonymFuncTest.scala
something's wrong: no file:///Users/peacesong/Workspace/College_Materials/2020-2/Principles_of_Programming/practice/AnonymFuncTest.scala in (Int, Int) => IntRangePosition(file:///Users/peacesong/Workspace/College_Materials/2020-2/Principles_of_Programming/practice/AnonymFuncTest.scala, 697, 708, 714)
2020.10.24 22:52:35 WARN  no build tool detected in workspace '/Users/peacesong/Workspace/College_Materials/2020-2/Principles_of_Programming'. The most common cause for this problem is that the editor was opened in the wrong working directory, for example if you use sbt then the workspace directory should contain build.sbt. 
2020.10.24 22:52:46 WARN  no build target for: /Users/peacesong/Workspace/College_Materials/2020-2/Principles_of_Programming/practice/AnonymFuncTest.scala
2020.10.24 22:52:59 WARN  no build target for: /Users/peacesong/Workspace/College_Materials/2020-2/Principles_of_Programming/practice/AnonymFuncTest.scala
something's wrong: no file:///Users/peacesong/Workspace/College_Materials/2020-2/Principles_of_Programming/practice/AnonymFuncTest.scala in Int => IntRangePosition(file:///Users/peacesong/Workspace/College_Materials/2020-2/Principles_of_Programming/practice/AnonymFuncTest.scala, 1041, 1045, 1051)
2020.10.24 22:53:47 WARN  no build tool detected in workspace '/Users/peacesong/Workspace/College_Materials/2020-2/Principles_of_Programming'. The most common cause for this problem is that the editor was opened in the wrong working directory, for example if you use sbt then the workspace directory should contain build.sbt. 
something's wrong: no file:///Users/peacesong/Workspace/College_Materials/2020-2/Principles_of_Programming/practice/AnonymFuncTest.scala in (Int, Int) => <error>RangePosition(file:///Users/peacesong/Workspace/College_Materials/2020-2/Principles_of_Programming/practice/AnonymFuncTest.scala, 1030, 1041, 1060)
2020.10.24 22:56:22 WARN  no build target for: /Users/peacesong/Workspace/College_Materials/2020-2/Principles_of_Programming/practice/AnonymFuncTest.scala
2020.10.24 22:57:22 WARN  no build target for: /Users/peacesong/Workspace/College_Materials/2020-2/Principles_of_Programming/practice/AnonymFuncTest.scala
2020.10.24 22:57:41 WARN  no build tool detected in workspace '/Users/peacesong/Workspace/College_Materials/2020-2/Principles_of_Programming'. The most common cause for this problem is that the editor was opened in the wrong working directory, for example if you use sbt then the workspace directory should contain build.sbt. 
2020.10.24 22:57:43 WARN  no build target for: /Users/peacesong/Workspace/College_Materials/2020-2/Principles_of_Programming/practice/AnonymFuncTest.scala
2020.10.24 23:01:17 WARN  no build tool detected in workspace '/Users/peacesong/Workspace/College_Materials/2020-2/Principles_of_Programming'. The most common cause for this problem is that the editor was opened in the wrong working directory, for example if you use sbt then the workspace directory should contain build.sbt. 
2020.10.24 23:01:17 WARN  no build tool detected in workspace '/Users/peacesong/Workspace/College_Materials/2020-2/Principles_of_Programming'. The most common cause for this problem is that the editor was opened in the wrong working directory, for example if you use sbt then the workspace directory should contain build.sbt. 
something's wrong: no file:///Users/peacesong/Workspace/College_Materials/2020-2/Principles_of_Programming/practice/AnonymFuncTest.scala in (Int, Int) => <error>RangePosition(file:///Users/peacesong/Workspace/College_Materials/2020-2/Principles_of_Programming/practice/AnonymFuncTest.scala, 1069, 1080, 1099)
something's wrong: no file:///Users/peacesong/Workspace/College_Materials/2020-2/Principles_of_Programming/practice/AnonymFuncTest.scala in util.control.TailCalls.TailRec[Int]RangePosition(file:///Users/peacesong/Workspace/College_Materials/2020-2/Principles_of_Programming/practice/AnonymFuncTest.scala, 1083, 1083, 1095)
2020.10.24 23:03:33 WARN  no build tool detected in workspace '/Users/peacesong/Workspace/College_Materials/2020-2/Principles_of_Programming'. The most common cause for this problem is that the editor was opened in the wrong working directory, for example if you use sbt then the workspace directory should contain build.sbt. 
something's wrong: no file:///Users/peacesong/Workspace/College_Materials/2020-2/Principles_of_Programming/practice/AnonymFuncTest.scala in util.control.TailCalls.TailRec[Int]RangePosition(file:///Users/peacesong/Workspace/College_Materials/2020-2/Principles_of_Programming/practice/AnonymFuncTest.scala, 1083, 1083, 1095)
2020.10.24 23:04:53 WARN  no build target for: /Users/peacesong/Workspace/College_Materials/2020-2/Principles_of_Programming/practice/AnonymFuncTest.scala
10월 24, 2020 11:05:00 오후 org.eclipse.lsp4j.jsonrpc.RemoteEndpoint handleCancellation
경고: Unmatched cancel notification for request id 4673
2020.10.24 23:05:02 WARN  no build target for: /Users/peacesong/Workspace/College_Materials/2020-2/Principles_of_Programming/practice/AnonymFuncTest.scala
2020.10.24 23:05:07 WARN  no build tool detected in workspace '/Users/peacesong/Workspace/College_Materials/2020-2/Principles_of_Programming'. The most common cause for this problem is that the editor was opened in the wrong working directory, for example if you use sbt then the workspace directory should contain build.sbt. 
2020.10.24 23:05:07 WARN  no build target for: /Users/peacesong/Workspace/College_Materials/2020-2/Principles_of_Programming/practice/AnonymFuncTest.scala
2020.10.24 23:05:24 WARN  no build tool detected in workspace '/Users/peacesong/Workspace/College_Materials/2020-2/Principles_of_Programming'. The most common cause for this problem is that the editor was opened in the wrong working directory, for example if you use sbt then the workspace directory should contain build.sbt. 
2020.10.24 23:05:24 WARN  no build target for: /Users/peacesong/Workspace/College_Materials/2020-2/Principles_of_Programming/practice/AnonymFuncTest.scala
2020.10.24 23:05:33 WARN  no build tool detected in workspace '/Users/peacesong/Workspace/College_Materials/2020-2/Principles_of_Programming'. The most common cause for this problem is that the editor was opened in the wrong working directory, for example if you use sbt then the workspace directory should contain build.sbt. 
2020.10.24 23:05:54 WARN  no build tool detected in workspace '/Users/peacesong/Workspace/College_Materials/2020-2/Principles_of_Programming'. The most common cause for this problem is that the editor was opened in the wrong working directory, for example if you use sbt then the workspace directory should contain build.sbt. 
2020.10.24 23:05:54 WARN  no build target for: /Users/peacesong/Workspace/College_Materials/2020-2/Principles_of_Programming/practice/AnonymFuncTest.scala
something's wrong: no file:///Users/peacesong/Workspace/College_Materials/2020-2/Principles_of_Programming/practice/AnonymFuncTest.scala in util.control.TailCalls.TailRec[<error>]RangePosition(file:///Users/peacesong/Workspace/College_Materials/2020-2/Principles_of_Programming/practice/AnonymFuncTest.scala, 1151, 1151, 1168)
something's wrong: no file:///Users/peacesong/Workspace/College_Materials/2020-2/Principles_of_Programming/practice/AnonymFuncTest.scala in util.control.TailCalls.TailRec[<error>]RangePosition(file:///Users/peacesong/Workspace/College_Materials/2020-2/Principles_of_Programming/practice/AnonymFuncTest.scala, 1151, 1151, 1161)
something's wrong: no file:///Users/peacesong/Workspace/College_Materials/2020-2/Principles_of_Programming/practice/AnonymFuncTest.scala in util.control.TailCalls.TailRec[Int]RangePosition(file:///Users/peacesong/Workspace/College_Materials/2020-2/Principles_of_Programming/practice/AnonymFuncTest.scala, 1151, 1151, 1163)
something's wrong: no file:///Users/peacesong/Workspace/College_Materials/2020-2/Principles_of_Programming/practice/AnonymFuncTest.scala in util.control.TailCalls.TailRec[Int]RangePosition(file:///Users/peacesong/Workspace/College_Materials/2020-2/Principles_of_Programming/practice/AnonymFuncTest.scala, 1151, 1151, 1163)
something's wrong: no file:///Users/peacesong/Workspace/College_Materials/2020-2/Principles_of_Programming/practice/AnonymFuncTest.scala in util.control.TailCalls.TailRec[Int]RangePosition(file:///Users/peacesong/Workspace/College_Materials/2020-2/Principles_of_Programming/practice/AnonymFuncTest.scala, 1151, 1151, 1163)
2020.10.24 23:09:49 WARN  no build tool detected in workspace '/Users/peacesong/Workspace/College_Materials/2020-2/Principles_of_Programming'. The most common cause for this problem is that the editor was opened in the wrong working directory, for example if you use sbt then the workspace directory should contain build.sbt. 
2020.10.24 23:09:51 WARN  no build tool detected in workspace '/Users/peacesong/Workspace/College_Materials/2020-2/Principles_of_Programming'. The most common cause for this problem is that the editor was opened in the wrong working directory, for example if you use sbt then the workspace directory should contain build.sbt. 
2020.10.24 23:09:53 WARN  no build target for: /Users/peacesong/Workspace/College_Materials/2020-2/Principles_of_Programming/practice/AnonymFuncTest.scala
2020.10.24 23:09:56 WARN  no build target for: /Users/peacesong/Workspace/College_Materials/2020-2/Principles_of_Programming/practice/AnonymFuncTest.scala
2020.10.24 23:10:04 WARN  no build target for: /Users/peacesong/Workspace/College_Materials/2020-2/Principles_of_Programming/practice/AnonymFuncTest.scala
2020.10.24 23:10:12 WARN  no build target for: /Users/peacesong/Workspace/College_Materials/2020-2/Principles_of_Programming/practice/AnonymFuncTest.scala
2020.10.24 23:10:55 WARN  no build target for: /Users/peacesong/Workspace/College_Materials/2020-2/Principles_of_Programming/practice/AnonymFuncTest.scala
something's wrong: no file:///Users/peacesong/Workspace/College_Materials/2020-2/Principles_of_Programming/practice/AnonymFuncTest.scala in util.control.TailCalls.TailRec[Int]RangePosition(file:///Users/peacesong/Workspace/College_Materials/2020-2/Principles_of_Programming/practice/AnonymFuncTest.scala, 1151, 1151, 1163)
2020.10.24 23:16:53 WARN  no build target for: /Users/peacesong/Workspace/College_Materials/2020-2/Principles_of_Programming/practice/AnonymFuncTest.scala
2020.10.24 23:17:36 WARN  no build target for: /Users/peacesong/Workspace/College_Materials/2020-2/Principles_of_Programming/practice/AnonymFuncTest.scala
2020.10.24 23:17:48 WARN  no build tool detected in workspace '/Users/peacesong/Workspace/College_Materials/2020-2/Principles_of_Programming'. The most common cause for this problem is that the editor was opened in the wrong working directory, for example if you use sbt then the workspace directory should contain build.sbt. 
2020.10.24 23:17:51 WARN  no build tool detected in workspace '/Users/peacesong/Workspace/College_Materials/2020-2/Principles_of_Programming'. The most common cause for this problem is that the editor was opened in the wrong working directory, for example if you use sbt then the workspace directory should contain build.sbt. 
2020.10.24 23:17:51 WARN  no build target for: /Users/peacesong/Workspace/College_Materials/2020-2/Principles_of_Programming/practice/AnonymFuncTest.scala
2020.10.24 23:18:13 WARN  no build target for: /Users/peacesong/Workspace/College_Materials/2020-2/Principles_of_Programming/practice/AnonymFuncTest.scala
2020.10.24 23:18:38 WARN  no build target for: /Users/peacesong/Workspace/College_Materials/2020-2/Principles_of_Programming/practice/AnonymFuncTest.scala
2020.10.24 23:19:42 WARN  no build target for: /Users/peacesong/Workspace/College_Materials/2020-2/Principles_of_Programming/practice/AnonymFuncTest.scala
2020.10.24 23:21:43 WARN  no build target for: /Users/peacesong/Workspace/College_Materials/2020-2/Principles_of_Programming/practice/AnonymFuncTest.scala
2020.10.24 23:22:17 WARN  no build target for: /Users/peacesong/Workspace/College_Materials/2020-2/Principles_of_Programming/practice/AnonymFuncTest.scala
2020.10.24 23:22:31 WARN  no build tool detected in workspace '/Users/peacesong/Workspace/College_Materials/2020-2/Principles_of_Programming'. The most common cause for this problem is that the editor was opened in the wrong working directory, for example if you use sbt then the workspace directory should contain build.sbt. 
2020.10.24 23:22:37 WARN  no build target for: /Users/peacesong/Workspace/College_Materials/2020-2/Principles_of_Programming/practice/AnonymFuncTest.scala
2020.10.24 23:23:24 WARN  no build tool detected in workspace '/Users/peacesong/Workspace/College_Materials/2020-2/Principles_of_Programming'. The most common cause for this problem is that the editor was opened in the wrong working directory, for example if you use sbt then the workspace directory should contain build.sbt. 
2020.10.24 23:23:24 WARN  no build tool detected in workspace '/Users/peacesong/Workspace/College_Materials/2020-2/Principles_of_Programming'. The most common cause for this problem is that the editor was opened in the wrong working directory, for example if you use sbt then the workspace directory should contain build.sbt. 
2020.10.24 23:23:24 WARN  no build target for: /Users/peacesong/Workspace/College_Materials/2020-2/Principles_of_Programming/practice/AnonymFuncTest.scala
something's wrong: no file:///Users/peacesong/Workspace/College_Materials/2020-2/Principles_of_Programming/practice/AnonymFuncTest.scala in util.control.TailCalls.TailRec[Int]RangePosition(file:///Users/peacesong/Workspace/College_Materials/2020-2/Principles_of_Programming/practice/AnonymFuncTest.scala, 1301, 1301, 1313)
2020.10.24 23:26:08 WARN  no build target for: /Users/peacesong/Workspace/College_Materials/2020-2/Principles_of_Programming/practice/AnonymFuncTest.scala
2020.10.24 23:26:13 WARN  no build tool detected in workspace '/Users/peacesong/Workspace/College_Materials/2020-2/Principles_of_Programming'. The most common cause for this problem is that the editor was opened in the wrong working directory, for example if you use sbt then the workspace directory should contain build.sbt. 
2020.10.24 23:26:13 WARN  no build tool detected in workspace '/Users/peacesong/Workspace/College_Materials/2020-2/Principles_of_Programming'. The most common cause for this problem is that the editor was opened in the wrong working directory, for example if you use sbt then the workspace directory should contain build.sbt. 
2020.10.24 23:26:13 WARN  no build tool detected in workspace '/Users/peacesong/Workspace/College_Materials/2020-2/Principles_of_Programming'. The most common cause for this problem is that the editor was opened in the wrong working directory, for example if you use sbt then the workspace directory should contain build.sbt. 
2020.10.24 23:26:13 WARN  no build tool detected in workspace '/Users/peacesong/Workspace/College_Materials/2020-2/Principles_of_Programming'. The most common cause for this problem is that the editor was opened in the wrong working directory, for example if you use sbt then the workspace directory should contain build.sbt. 
2020.10.24 23:26:14 WARN  no build tool detected in workspace '/Users/peacesong/Workspace/College_Materials/2020-2/Principles_of_Programming'. The most common cause for this problem is that the editor was opened in the wrong working directory, for example if you use sbt then the workspace directory should contain build.sbt. 
2020.10.24 23:26:14 WARN  no build tool detected in workspace '/Users/peacesong/Workspace/College_Materials/2020-2/Principles_of_Programming'. The most common cause for this problem is that the editor was opened in the wrong working directory, for example if you use sbt then the workspace directory should contain build.sbt. 
2020.10.24 23:26:40 WARN  no build tool detected in workspace '/Users/peacesong/Workspace/College_Materials/2020-2/Principles_of_Programming'. The most common cause for this problem is that the editor was opened in the wrong working directory, for example if you use sbt then the workspace directory should contain build.sbt. 
2020.10.24 23:26:40 WARN  no build tool detected in workspace '/Users/peacesong/Workspace/College_Materials/2020-2/Principles_of_Programming'. The most common cause for this problem is that the editor was opened in the wrong working directory, for example if you use sbt then the workspace directory should contain build.sbt. 
2020.10.24 23:26:41 WARN  no build tool detected in workspace '/Users/peacesong/Workspace/College_Materials/2020-2/Principles_of_Programming'. The most common cause for this problem is that the editor was opened in the wrong working directory, for example if you use sbt then the workspace directory should contain build.sbt. 
2020.10.24 23:26:41 WARN  no build tool detected in workspace '/Users/peacesong/Workspace/College_Materials/2020-2/Principles_of_Programming'. The most common cause for this problem is that the editor was opened in the wrong working directory, for example if you use sbt then the workspace directory should contain build.sbt. 
2020.10.24 23:26:44 WARN  no build tool detected in workspace '/Users/peacesong/Workspace/College_Materials/2020-2/Principles_of_Programming'. The most common cause for this problem is that the editor was opened in the wrong working directory, for example if you use sbt then the workspace directory should contain build.sbt. 
2020.10.24 23:26:44 WARN  no build target for: /Users/peacesong/Workspace/College_Materials/2020-2/Principles_of_Programming/practice/AnonymFuncTest.scala
2020.10.24 23:26:44 WARN  no build tool detected in workspace '/Users/peacesong/Workspace/College_Materials/2020-2/Principles_of_Programming'. The most common cause for this problem is that the editor was opened in the wrong working directory, for example if you use sbt then the workspace directory should contain build.sbt. 
2020.10.24 23:26:47 WARN  no build target for: /Users/peacesong/Workspace/College_Materials/2020-2/Principles_of_Programming/practice/AnonymFuncTest.scala
2020.10.24 23:27:11 WARN  no build target for: /Users/peacesong/Workspace/College_Materials/2020-2/Principles_of_Programming/practice/AnonymFuncTest.scala
2020.10.24 23:27:12 WARN  no build target for: /Users/peacesong/Workspace/College_Materials/2020-2/Principles_of_Programming/practice/AnonymFuncTest.scala
2020.10.24 23:27:16 WARN  no build target for: /Users/peacesong/Workspace/College_Materials/2020-2/Principles_of_Programming/practice/AnonymFuncTest.scala
10월 24, 2020 11:27:25 오후 org.eclipse.lsp4j.jsonrpc.RemoteEndpoint handleCancellation
경고: Unmatched cancel notification for request id 6882
2020.10.24 23:27:28 WARN  no build target for: /Users/peacesong/Workspace/College_Materials/2020-2/Principles_of_Programming/practice/AnonymFuncTest.scala
2020.10.24 23:37:39 WARN  no build target for: /Users/peacesong/Workspace/College_Materials/2020-2/Principles_of_Programming/practice/SafetyCheck.scala
2020.10.24 23:38:12 WARN  no build target for: /Users/peacesong/Workspace/College_Materials/2020-2/Principles_of_Programming/practice/SafetyCheck.scala
2020.10.24 23:38:26 WARN  no build target for: /Users/peacesong/Workspace/College_Materials/2020-2/Principles_of_Programming/practice/SafetyCheck.scala
2020.10.24 23:40:20 WARN  no build target for: /Users/peacesong/Workspace/College_Materials/2020-2/Principles_of_Programming/practice/SafetyCheck.scala
2020.10.24 23:40:28 WARN  no build target for: /Users/peacesong/Workspace/College_Materials/2020-2/Principles_of_Programming/practice/SafetyCheck.scala
2020.10.24 23:40:30 WARN  no build tool detected in workspace '/Users/peacesong/Workspace/College_Materials/2020-2/Principles_of_Programming'. The most common cause for this problem is that the editor was opened in the wrong working directory, for example if you use sbt then the workspace directory should contain build.sbt. 
2020.10.24 23:40:30 WARN  no build tool detected in workspace '/Users/peacesong/Workspace/College_Materials/2020-2/Principles_of_Programming'. The most common cause for this problem is that the editor was opened in the wrong working directory, for example if you use sbt then the workspace directory should contain build.sbt. 
2020.10.24 23:40:30 WARN  no build tool detected in workspace '/Users/peacesong/Workspace/College_Materials/2020-2/Principles_of_Programming'. The most common cause for this problem is that the editor was opened in the wrong working directory, for example if you use sbt then the workspace directory should contain build.sbt. 
2020.10.24 23:40:32 WARN  no build target for: /Users/peacesong/Workspace/College_Materials/2020-2/Principles_of_Programming/practice/SafetyCheck.scala
2020.10.24 23:40:39 WARN  no build target for: /Users/peacesong/Workspace/College_Materials/2020-2/Principles_of_Programming/practice/StructuralType.scala
2020.10.24 23:40:40 WARN  no build target for: /Users/peacesong/Workspace/College_Materials/2020-2/Principles_of_Programming/practice/HelloWorld.scala
2020.10.24 23:40:44 WARN  no build target for: /Users/peacesong/Workspace/College_Materials/2020-2/Principles_of_Programming/practice/BlockTest.scala
2020.10.24 23:40:50 WARN  no build target for: /Users/peacesong/Workspace/College_Materials/2020-2/Principles_of_Programming/practice/BlockTest.scala
2020.10.24 23:40:50 WARN  no build tool detected in workspace '/Users/peacesong/Workspace/College_Materials/2020-2/Principles_of_Programming'. The most common cause for this problem is that the editor was opened in the wrong working directory, for example if you use sbt then the workspace directory should contain build.sbt. 
2020.10.24 23:40:52 WARN  no build tool detected in workspace '/Users/peacesong/Workspace/College_Materials/2020-2/Principles_of_Programming'. The most common cause for this problem is that the editor was opened in the wrong working directory, for example if you use sbt then the workspace directory should contain build.sbt. 
2020.10.24 23:40:55 WARN  no build target for: /Users/peacesong/Workspace/College_Materials/2020-2/Principles_of_Programming/practice/BlockTest.scala
2020.10.24 23:41:33 WARN  no build target for: /Users/peacesong/Workspace/College_Materials/2020-2/Principles_of_Programming/practice/BlockTest.scala
2020.10.24 23:43:27 WARN  no build target for: /Users/peacesong/Workspace/College_Materials/2020-2/Principles_of_Programming/practice/Currying.scala
2020.10.25 11:14:41 WARN  no build tool detected in workspace '/Users/peacesong/Workspace/College_Materials/2020-2/Principles_of_Programming'. The most common cause for this problem is that the editor was opened in the wrong working directory, for example if you use sbt then the workspace directory should contain build.sbt. 
2020.10.25 11:21:37 WARN  no build target for: /Users/peacesong/Workspace/College_Materials/2020-2/Principles_of_Programming/practice/StructuralType.scala
2020.10.25 11:21:51 WARN  no build tool detected in workspace '/Users/peacesong/Workspace/College_Materials/2020-2/Principles_of_Programming'. The most common cause for this problem is that the editor was opened in the wrong working directory, for example if you use sbt then the workspace directory should contain build.sbt. 
2020.10.25 11:21:54 WARN  no build target for: /Users/peacesong/Workspace/College_Materials/2020-2/Principles_of_Programming/practice/StructuralType.scala
